<?xml version="1.0" encoding="UTF-8"?>
<testsuite name="net.serenitybdd.plugins.jira.client.WhenLoadingJIRAIssues" tests="8" skipped="0" failures="0" errors="0" timestamp="2015-01-31T00:35:32" hostname="CPE-124-184-104-82.lns14.cht.bigpond.net.au" time="50.44">
  <properties/>
  <testcase name="should load issues with JQL filters" classname="net.serenitybdd.plugins.jira.client.WhenLoadingJIRAIssues" time="18.219"/>
  <testcase name="should load issues complete with custom fields using a JQL filter" classname="net.serenitybdd.plugins.jira.client.WhenLoadingJIRAIssues" time="9.343"/>
  <testcase name="should load issue summary by key" classname="net.serenitybdd.plugins.jira.client.WhenLoadingJIRAIssues" time="5.976"/>
  <testcase name="should load rendered descriptions" classname="net.serenitybdd.plugins.jira.client.WhenLoadingJIRAIssues" time="5.18"/>
  <testcase name="should not load issue by key if the issue is not available" classname="net.serenitybdd.plugins.jira.client.WhenLoadingJIRAIssues" time="1.683"/>
  <testcase name="should load the fix versions for an issue " classname="net.serenitybdd.plugins.jira.client.WhenLoadingJIRAIssues" time="6.759"/>
  <testcase name="should not freak out if a JQL query doesn't return any issues" classname="net.serenitybdd.plugins.jira.client.WhenLoadingJIRAIssues" time="1.621"/>
  <testcase name="should not freak out if a JQL count doesn't return any issues" classname="net.serenitybdd.plugins.jira.client.WhenLoadingJIRAIssues" time="1.658"/>
  <system-out><![CDATA[]]></system-out>
  <system-err><![CDATA[]]></system-err>
</testsuite>
