<?xml version="1.0" encoding="UTF-8"?>
<testsuite name="net.serenitybdd.plugins.jira.WhenObtainingTheJIRAConfiguration" tests="3" skipped="0" failures="0" errors="0" timestamp="2015-01-31T00:35:29" hostname="CPE-124-184-104-82.lns14.cht.bigpond.net.au" time="0.165">
  <properties/>
  <testcase name="username_should_be_specified_in_the_jira_username_system_property" classname="net.serenitybdd.plugins.jira.WhenObtainingTheJIRAConfiguration" time="0.16"/>
  <testcase name="base_url_should_be_specified_in_the_jira_url_system_property" classname="net.serenitybdd.plugins.jira.WhenObtainingTheJIRAConfiguration" time="0.002"/>
  <testcase name="password_should_be_specified_in_the_jira_password_system_property" classname="net.serenitybdd.plugins.jira.WhenObtainingTheJIRAConfiguration" time="0.002"/>
  <system-out><![CDATA[11:35:30.044 [Test worker] INFO  n.t.c.u.PropertiesFileLocalPreferences - LOADING LOCAL PROPERTIES FROM /Users/john/thucydides.properties 
11:35:30.068 [Test worker] INFO  n.t.c.u.PropertiesFileLocalPreferences - phantomjs.binary.path=/opt/phantomjs/phantomjs
11:35:30.076 [Test worker] INFO  n.t.c.u.PropertiesFileLocalPreferences - LOADING LOCAL PROPERTIES FROM /Users/john/thucydides.properties 
11:35:30.077 [Test worker] INFO  n.t.c.u.PropertiesFileLocalPreferences - phantomjs.binary.path=/opt/phantomjs/phantomjs
11:35:30.079 [Test worker] INFO  n.t.c.u.PropertiesFileLocalPreferences - LOADING LOCAL PROPERTIES FROM /Users/john/thucydides.properties 
11:35:30.079 [Test worker] INFO  n.t.c.u.PropertiesFileLocalPreferences - phantomjs.binary.path=/opt/phantomjs/phantomjs
]]></system-out>
  <system-err><![CDATA[]]></system-err>
</testsuite>
