<?xml version="1.0" encoding="UTF-8"?>
<testsuite name="net.serenitybdd.plugins.jira.client.WhenIdentifyingCustomFields" tests="7" skipped="0" failures="0" errors="0" timestamp="2015-01-31T00:35:30" hostname="CPE-124-184-104-82.lns14.cht.bigpond.net.au" time="105.001">
  <properties/>
  <testcase name="Should be able to read a cascading select custom field" classname="net.serenitybdd.plugins.jira.client.WhenIdentifyingCustomFields" time="4.083"/>
  <testcase name="should be able to read the values of a cascading select field" classname="net.serenitybdd.plugins.jira.client.WhenIdentifyingCustomFields" time="33.303"/>
  <testcase name="Cascading select options should store parent options" classname="net.serenitybdd.plugins.jira.client.WhenIdentifyingCustomFields" time="33.482"/>
  <testcase name="should be able to read custom field values as rendered HTML if available" classname="net.serenitybdd.plugins.jira.client.WhenIdentifyingCustomFields" time="7.94"/>
  <testcase name="should be able to read custom field values in non-rendered format" classname="net.serenitybdd.plugins.jira.client.WhenIdentifyingCustomFields" time="8.998"/>
  <testcase name="should be able to read custom field values of a given type" classname="net.serenitybdd.plugins.jira.client.WhenIdentifyingCustomFields" time="8.841"/>
  <testcase name="should be able to read field value lists" classname="net.serenitybdd.plugins.jira.client.WhenIdentifyingCustomFields" time="8.354"/>
  <system-out><![CDATA[]]></system-out>
  <system-err><![CDATA[]]></system-err>
</testsuite>
